2013-11-21 14:39:38 : Admin UserID Login started for tarryc
2013-11-21 14:47:30 : Admin UserID Login started for tarryc
2013-11-21 15:02:46 : Admin UserID Login started for goerge
2013-11-21 15:05:16 : Admin UserID Login started for goerge
2013-11-21 15:06:18 : Admin UserID Login started for george
2013-11-21 15:10:45 : Admin UserID Login started for george
2013-11-21 15:13:55 : Admin UserID Login started for george
2013-11-21 15:14:07 : Admin UserID Login started for george
2013-11-21 15:14:41 : Admin UserID Login started for george
2013-11-21 15:16:28 : Admin UserID Login started for bnlkjslkf;sdjf
2013-11-21 15:17:54 : Admin UserID Login started for dddddddd
2013-11-21 15:19:24 : Admin UserID Login started for sssssss
2013-11-21 15:21:08 : Admin UserID Login started for dfdfddfdfdf
2013-11-21 15:22:38 : Admin UserID Login started for fdddffdfd
2013-11-21 15:23:27 : Admin UserID Login started for fdddffdfd
2013-11-21 15:25:11 : Admin UserID Login started for fdddffdfd
2013-11-21 15:38:32 : Admin UserID Login started for fdddffdfd
2013-11-21 15:54:17 : Admin UserID Login started for dddddddd
2013-11-21 15:54:17 : Admin UserID Login ended for dddddddd at admin user id : . Status:err
2013-11-21 15:55:31 : Admin UserID Login started for dddddddd
2013-11-21 15:55:31 : Admin UserID Login ended for dddddddd. Status:err
2013-11-21 16:00:39 : Admin UserID Login started for tarryc
2013-11-21 16:00:39 : Admin UserID Login ended for tarryc. Status:err
2013-11-21 16:05:13 : Admin UserID Login started for tarryc
2013-11-21 16:05:13 : Admin UserID Login ended for tarryc. Status:ok
2013-11-21 16:06:59 : Admin UserID Login started for tarryc
2013-11-21 16:06:59 : Admin UserID Login ended for tarryc. Status:ok
2013-11-21 16:18:02 : Admin UserID Login started for tarryc
2013-11-21 16:18:02 : Admin UserID Login ended for tarryc. Status:ok
2013-11-21 16:59:10 : Admin UserID Login started for gggg
2013-11-21 16:59:10 : Admin UserID Login ended for gggg. Status:err
2013-11-21 17:00:09 : Admin UserID Login started for gggg
2013-11-21 17:00:09 : Admin UserID Login ended for gggg. Status:err
2013-11-21 17:00:23 : Admin UserID Login started for gggg
2013-11-21 17:00:23 : Admin UserID Login ended for gggg. Status:err
2013-11-21 17:03:13 : Admin UserID Login started for tarryc
2013-11-21 17:03:13 : Admin UserID Login ended for tarryc. Status:ok
2013-11-21 17:21:28 : Admin UserID Login started for tarryc
2013-11-21 17:21:28 : Admin UserID Login ended for tarryc. Status:ok
2013-11-21 17:22:34 : Admin UserID Login started for 
2013-11-21 17:22:34 : Admin UserID Login ended for . Status:err
2013-11-21 17:25:24 : Admin UserID Login started for tarryc
2013-11-21 17:25:24 : Admin UserID Login ended for tarryc. Status:ok
2013-11-21 17:53:19 : Admin UserID Login started for tarryc
2013-11-21 17:53:19 : Admin UserID Login ended for tarryc. Status:ok
2013-11-21 17:54:15 : Admin UserID Login started for tarryc
2013-11-21 17:54:15 : Admin UserID Login ended for tarryc. Status:ok
2013-11-21 17:56:30 : Admin UserID Login started for tarryc
2013-11-21 17:56:30 : Admin UserID Login ended for tarryc. Status:ok
2013-11-21 17:56:50 : Admin UserID Login started for tarryc
2013-11-21 17:56:50 : Admin UserID Login ended for tarryc. Status:ok
2013-11-21 18:09:25 : Admin UserID Login started for tarryc
2013-11-21 18:09:25 : Admin UserID Login ended for tarryc. Status:ok
2013-11-21 18:15:53 : Admin UserID Login started for tarryc
2013-11-21 18:15:53 : Admin UserID Login ended for tarryc. Status:ok
2013-11-21 18:17:00 : Admin UserID Login started for tarryc
2013-11-21 18:17:00 : Admin UserID Login ended for tarryc. Status:ok
2013-11-21 18:20:08 : Admin UserID Login started for tarryc
2013-11-21 18:20:08 : Admin UserID Login ended for tarryc. Status:ok
2013-11-21 18:25:07 : Admin UserID Login started for tarryc
2013-11-21 18:25:07 : Admin UserID Login ended for tarryc. Status:ok
2013-11-21 18:27:43 : Admin UserID Login started for tarryc
2013-11-21 18:27:43 : Admin UserID Login ended for tarryc. Status:ok
2013-11-21 18:27:55 : Admin UserID Login started for tarryc
2013-11-21 18:27:55 : Admin UserID Login ended for tarryc. Status:ok
2013-11-21 18:33:53 : Admin UserID Login started for tarryc
2013-11-21 18:33:53 : Admin UserID Login ended for tarryc. Status:ok
2013-11-21 18:36:00 : Admin UserID Login started for tarryc
2013-11-21 18:36:00 : Admin UserID Login ended for tarryc. Status:ok
2013-11-21 18:36:06 : Admin UserID Login started for 
2013-11-21 18:36:06 : Admin UserID Login ended for . Status:err
2013-11-21 18:38:02 : Admin UserID Login started for 
2013-11-21 18:38:02 : Admin UserID Login ended for . Status:err
2013-11-21 18:38:30 : Admin UserID Login started for tarryc
2013-11-21 18:38:30 : Admin UserID Login ended for tarryc. Status:err
2013-11-21 18:39:46 : Admin UserID Login started for tarryc
2013-11-21 18:39:46 : Admin UserID Login ended for tarryc. Status:ok
2013-11-21 18:39:56 : Admin UserID Login started for tarryc
2013-11-21 18:39:56 : Admin UserID Login ended for tarryc. Status:err
2013-11-21 18:40:14 : Admin UserID Login started for tarryc
2013-11-21 18:40:14 : Admin UserID Login ended for tarryc. Status:ok
2013-11-22 11:21:12 : Admin UserID Login started for tarryc
2013-11-22 11:21:12 : Admin UserID Login ended for tarryc. Status:ok
2013-11-22 11:21:33 : Admin UserID Login started for tarryc
2013-11-22 11:21:33 : Admin UserID Login ended for tarryc. Status:ok
2013-11-22 11:50:37 : Admin UserID Login started for tarryc
2013-11-22 11:50:37 : Admin UserID Login ended for tarryc. Status:ok
2013-11-22 11:50:50 : Admin UserID Login started for tarryc
2013-11-22 11:50:50 : Admin UserID Login ended for tarryc. Status:ok
2013-11-22 11:52:27 : Admin UserID Login started for tarryc
2013-11-22 11:52:27 : Admin UserID Login ended for tarryc. Status:ok
2013-11-22 11:53:55 : Admin UserID Login started for tarryc
2013-11-22 11:53:55 : Admin UserID Login ended for tarryc. Status:ok
2013-11-22 12:00:51 : Admin UserID Login started for tarryc
2013-11-22 12:00:51 : Admin UserID Login ended for tarryc. Status:ok
2013-11-22 12:39:00 : Admin UserID Login started for tarryc
2013-11-22 12:39:00 : Admin UserID Login ended for tarryc. Status:ok
2013-11-22 12:43:14 : Admin UserID Login started for tarryc
2013-11-22 12:43:14 : Admin UserID Login ended for tarryc. Status:ok
